ocamlfind ocamldep -package llvm.target -package llvm.linker -package llvm.bitreader -package llvm.bitwriter -package llvm.analysis -package llvm -modules cmat.ml > cmat.ml.depends
ocamlfind ocamldep -package llvm.target -package llvm.linker -package llvm.bitreader -package llvm.bitwriter -package llvm.analysis -package llvm -modules ast.ml > ast.ml.depends
ocamlfind ocamldep -package llvm.target -package llvm.linker -package llvm.bitreader -package llvm.bitwriter -package llvm.analysis -package llvm -modules codegen.ml > codegen.ml.depends
ocamlfind ocamlc -c -package llvm.target -package llvm.linker -package llvm.bitreader -package llvm.bitwriter -package llvm.analysis -package llvm -o ast.cmo ast.ml
ocamlfind ocamldep -package llvm.target -package llvm.linker -package llvm.bitreader -package llvm.bitwriter -package llvm.analysis -package llvm -modules sast.ml > sast.ml.depends
ocamlfind ocamlc -c -package llvm.target -package llvm.linker -package llvm.bitreader -package llvm.bitwriter -package llvm.analysis -package llvm -o sast.cmo sast.ml
/usr/bin/ocamlyacc parser.mly
ocamlfind ocamldep -package llvm.target -package llvm.linker -package llvm.bitreader -package llvm.bitwriter -package llvm.analysis -package llvm -modules parser.mli > parser.mli.depends
/usr/bin/ocamllex.opt -q scanner.mll
ocamlfind ocamldep -package llvm.target -package llvm.linker -package llvm.bitreader -package llvm.bitwriter -package llvm.analysis -package llvm -modules scanner.ml > scanner.ml.depends
ocamlfind ocamlc -c -package llvm.target -package llvm.linker -package llvm.bitreader -package llvm.bitwriter -package llvm.analysis -package llvm -o parser.cmi parser.mli
ocamlfind ocamldep -package llvm.target -package llvm.linker -package llvm.bitreader -package llvm.bitwriter -package llvm.analysis -package llvm -modules semant.ml > semant.ml.depends
ocamlfind ocamldep -package llvm.target -package llvm.linker -package llvm.bitreader -package llvm.bitwriter -package llvm.analysis -package llvm -modules exceptions.ml > exceptions.ml.depends
ocamlfind ocamldep -package llvm.target -package llvm.linker -package llvm.bitreader -package llvm.bitwriter -package llvm.analysis -package llvm -modules utils.ml > utils.ml.depends
ocamlfind ocamlc -c -package llvm.target -package llvm.linker -package llvm.bitreader -package llvm.bitwriter -package llvm.analysis -package llvm -o exceptions.cmo exceptions.ml
ocamlfind ocamlc -c -package llvm.target -package llvm.linker -package llvm.bitreader -package llvm.bitwriter -package llvm.analysis -package llvm -o utils.cmo utils.ml
+ ocamlfind ocamlc -c -package llvm.target -package llvm.linker -package llvm.bitreader -package llvm.bitwriter -package llvm.analysis -package llvm -o utils.cmo utils.ml
File "utils.ml", line 57, characters 21-553:
Warning 8: this pattern-matching is not exhaustive.
Here is an example of a value that is not matched:
(Matrix_lit _|Mat_init (_, _, _)|Matrix_access (_, _, _)|Matrix_row (_, _)|
Matrix_col (_, _))
File "utils.ml", line 83, characters 22-602:
Warning 8: this pattern-matching is not exhaustive.
Here is an example of a value that is not matched:
(SMatrix_lit _|SMat_init (_, _, _)|SMatrix_access (_, _, _)|
SMatrix_row (_, _)|SMatrix_col (_, _))
File "utils.ml", line 145, characters 23-1055:
Warning 8: this pattern-matching is not exhaustive.
Here is an example of a value that is not matched:
SElse _
ocamlfind ocamlc -c -package llvm.target -package llvm.linker -package llvm.bitreader -package llvm.bitwriter -package llvm.analysis -package llvm -o codegen.cmo codegen.ml
ocamlfind ocamlc -c -package llvm.target -package llvm.linker -package llvm.bitreader -package llvm.bitwriter -package llvm.analysis -package llvm -o scanner.cmo scanner.ml
ocamlfind ocamlc -c -package llvm.target -package llvm.linker -package llvm.bitreader -package llvm.bitwriter -package llvm.analysis -package llvm -o semant.cmo semant.ml
+ ocamlfind ocamlc -c -package llvm.target -package llvm.linker -package llvm.bitreader -package llvm.bitwriter -package llvm.analysis -package llvm -o codegen.cmo codegen.ml
File "codegen.ml", line 19, characters 21-74:
Warning 8: this pattern-matching is not exhaustive.
Here is an example of a value that is not matched:
(Bool|String|Float|Vector (_, _)|Matrix (_, _, _))
File "codegen.ml", line 67, characters 27-1023:
Warning 8: this pattern-matching is not exhaustive.
Here is an example of a value that is not matched:
(Num_lit _|String_lit _|Matrix_lit _|Id _|Null|Binop (_, _, _)|Unop (_, _)|
Assign (_, _)|Mat_init (_, _, _)|Matrix_access (_, _, _)|Matrix_row (_, _)|
Matrix_col (_, _))
File "codegen.ml", line 92, characters 27-319:
Warning 8: this pattern-matching is not exhaustive.
Here is an example of a value that is not matched:
(If (_, _, _)|Else _|For (_, _, _, _)|While (_, _)|Break)
+ ocamlfind ocamlc -c -package llvm.target -package llvm.linker -package llvm.bitreader -package llvm.bitwriter -package llvm.analysis -package llvm -o semant.cmo semant.ml
File "semant.ml", line 89, characters 24-496:
Warning 8: this pattern-matching is not exhaustive.
Here is an example of a value that is not matched:
(Num_lit _|Matrix_lit _|Binop (_, _, _)|Assign (_, _)|Call (_, _)|
Mat_init (_, _, _)|Matrix_access (_, _, _)|Matrix_row (_, _)|
Matrix_col (_, _))
File "semant.ml", line 101, characters 26-363:
Warning 8: this pattern-matching is not exhaustive.
Here is an example of a value that is not matched:
(SMatrix_lit _|SCall (_, _, _)|SMat_init (_, _, _)|SMatrix_access (_, _, _)|
SMatrix_row (_, _)|SMatrix_col (_, _))
File "semant.ml", line 144, characters 21-150:
Warning 8: this pattern-matching is not exhaustive.
Here is an example of a value that is not matched:
(Block _|Expr _|If (_, _, _)|Else _|For (_, _, _, _)|While (_, _)|Break)
ocamlfind ocamlc -c -package llvm.target -package llvm.linker -package llvm.bitreader -package llvm.bitwriter -package llvm.analysis -package llvm -o cmat.cmo cmat.ml
ocamlfind ocamlopt -c -package llvm.target -package llvm.linker -package llvm.bitreader -package llvm.bitwriter -package llvm.analysis -package llvm -o ast.cmx ast.ml
ocamlfind ocamlopt -c -package llvm.target -package llvm.linker -package llvm.bitreader -package llvm.bitwriter -package llvm.analysis -package llvm -o sast.cmx sast.ml
ocamlfind ocamldep -package llvm.target -package llvm.linker -package llvm.bitreader -package llvm.bitwriter -package llvm.analysis -package llvm -modules parser.ml > parser.ml.depends
ocamlfind ocamlopt -c -package llvm.target -package llvm.linker -package llvm.bitreader -package llvm.bitwriter -package llvm.analysis -package llvm -o parser.cmx parser.ml
ocamlfind ocamlopt -c -package llvm.target -package llvm.linker -package llvm.bitreader -package llvm.bitwriter -package llvm.analysis -package llvm -o exceptions.cmx exceptions.ml
ocamlfind ocamlopt -c -package llvm.target -package llvm.linker -package llvm.bitreader -package llvm.bitwriter -package llvm.analysis -package llvm -o utils.cmx utils.ml
+ ocamlfind ocamlopt -c -package llvm.target -package llvm.linker -package llvm.bitreader -package llvm.bitwriter -package llvm.analysis -package llvm -o utils.cmx utils.ml
File "utils.ml", line 57, characters 21-553:
Warning 8: this pattern-matching is not exhaustive.
Here is an example of a value that is not matched:
(Matrix_lit _|Mat_init (_, _, _)|Matrix_access (_, _, _)|Matrix_row (_, _)|
Matrix_col (_, _))
File "utils.ml", line 83, characters 22-602:
Warning 8: this pattern-matching is not exhaustive.
Here is an example of a value that is not matched:
(SMatrix_lit _|SMat_init (_, _, _)|SMatrix_access (_, _, _)|
SMatrix_row (_, _)|SMatrix_col (_, _))
File "utils.ml", line 145, characters 23-1055:
Warning 8: this pattern-matching is not exhaustive.
Here is an example of a value that is not matched:
SElse _
ocamlfind ocamlopt -c -package llvm.target -package llvm.linker -package llvm.bitreader -package llvm.bitwriter -package llvm.analysis -package llvm -o codegen.cmx codegen.ml
ocamlfind ocamlopt -c -package llvm.target -package llvm.linker -package llvm.bitreader -package llvm.bitwriter -package llvm.analysis -package llvm -o scanner.cmx scanner.ml
ocamlfind ocamlopt -c -package llvm.target -package llvm.linker -package llvm.bitreader -package llvm.bitwriter -package llvm.analysis -package llvm -o semant.cmx semant.ml
+ ocamlfind ocamlopt -c -package llvm.target -package llvm.linker -package llvm.bitreader -package llvm.bitwriter -package llvm.analysis -package llvm -o codegen.cmx codegen.ml
File "codegen.ml", line 19, characters 21-74:
Warning 8: this pattern-matching is not exhaustive.
Here is an example of a value that is not matched:
(Bool|String|Float|Vector (_, _)|Matrix (_, _, _))
File "codegen.ml", line 67, characters 27-1023:
Warning 8: this pattern-matching is not exhaustive.
Here is an example of a value that is not matched:
(Num_lit _|String_lit _|Matrix_lit _|Id _|Null|Binop (_, _, _)|Unop (_, _)|
Assign (_, _)|Mat_init (_, _, _)|Matrix_access (_, _, _)|Matrix_row (_, _)|
Matrix_col (_, _))
File "codegen.ml", line 92, characters 27-319:
Warning 8: this pattern-matching is not exhaustive.
Here is an example of a value that is not matched:
(If (_, _, _)|Else _|For (_, _, _, _)|While (_, _)|Break)
+ ocamlfind ocamlopt -c -package llvm.target -package llvm.linker -package llvm.bitreader -package llvm.bitwriter -package llvm.analysis -package llvm -o semant.cmx semant.ml
File "semant.ml", line 89, characters 24-496:
Warning 8: this pattern-matching is not exhaustive.
Here is an example of a value that is not matched:
(Num_lit _|Matrix_lit _|Binop (_, _, _)|Assign (_, _)|Call (_, _)|
Mat_init (_, _, _)|Matrix_access (_, _, _)|Matrix_row (_, _)|
Matrix_col (_, _))
File "semant.ml", line 101, characters 26-363:
Warning 8: this pattern-matching is not exhaustive.
Here is an example of a value that is not matched:
(SMatrix_lit _|SCall (_, _, _)|SMat_init (_, _, _)|SMatrix_access (_, _, _)|
SMatrix_row (_, _)|SMatrix_col (_, _))
File "semant.ml", line 144, characters 21-150:
Warning 8: this pattern-matching is not exhaustive.
Here is an example of a value that is not matched:
(Block _|Expr _|If (_, _, _)|Else _|For (_, _, _, _)|While (_, _)|Break)
ocamlfind ocamlopt -c -package llvm.target -package llvm.linker -package llvm.bitreader -package llvm.bitwriter -package llvm.analysis -package llvm -o cmat.cmx cmat.ml
ocamlfind ocamlopt -linkpkg -package llvm.target -package llvm.linker -package llvm.bitreader -package llvm.bitwriter -package llvm.analysis -package llvm ast.cmx sast.cmx codegen.cmx exceptions.cmx parser.cmx scanner.cmx utils.cmx semant.cmx cmat.cmx -o cmat.native
# Parallel statistics: { count(total): 4(26), max: 3, min: 2, average(total): 2.500(1.231) }
